INFO [2024-12-08 09:45:06] root - Getting URLs from API
DEBUG [2024-12-08 09:45:06] httpcore.connection - connect_tcp.started host='raw.githubusercontent.com' port=443 local_address=None timeout=5.0 socket_options=None
DEBUG [2024-12-08 09:45:06] httpcore.connection - connect_tcp.complete return_value=<httpcore._backends.sync.SyncStream object at 0x7fd1b2e52c90>
DEBUG [2024-12-08 09:45:06] httpcore.connection - start_tls.started ssl_context=<ssl.SSLContext object at 0x7fd1b2f57ad0> server_hostname='raw.githubusercontent.com' timeout=5.0
DEBUG [2024-12-08 09:45:06] httpcore.connection - start_tls.complete return_value=<httpcore._backends.sync.SyncStream object at 0x7fd1b2e52dd0>
DEBUG [2024-12-08 09:45:06] httpcore.http11 - send_request_headers.started request=<Request [b'GET']>
DEBUG [2024-12-08 09:45:06] httpcore.http11 - send_request_headers.complete
DEBUG [2024-12-08 09:45:06] httpcore.http11 - send_request_body.started request=<Request [b'GET']>
DEBUG [2024-12-08 09:45:06] httpcore.http11 - send_request_body.complete
DEBUG [2024-12-08 09:45:06] httpcore.http11 - receive_response_headers.started request=<Request [b'GET']>
DEBUG [2024-12-08 09:45:06] httpcore.http11 - receive_response_headers.complete return_value=(b'HTTP/1.1', 200, b'OK', [(b'Connection', b'keep-alive'), (b'Content-Length', b'10822'), (b'Cache-Control', b'max-age=300'), (b'Content-Security-Policy', b"default-src 'none'; style-src 'unsafe-inline'; sandbox"), (b'Content-Type', b'text/plain; charset=utf-8'), (b'ETag', b'W/"017c256288f7df30c955e327f7ee7e899fe7c3a88764fa69ab2b50f7a13d468e"'), (b'Strict-Transport-Security', b'max-age=31536000'), (b'X-Content-Type-Options', b'nosniff'), (b'X-Frame-Options', b'deny'), (b'X-XSS-Protection', b'1; mode=block'), (b'X-GitHub-Request-Id', b'DF74:22D1FB:599323:6148C7:6754EFC3'), (b'Content-Encoding', b'gzip'), (b'Accept-Ranges', b'bytes'), (b'Date', b'Sun, 08 Dec 2024 09:45:06 GMT'), (b'Via', b'1.1 varnish'), (b'X-Served-By', b'cache-chi-kigq8000139-CHI'), (b'X-Cache', b'HIT'), (b'X-Cache-Hits', b'1'), (b'X-Timer', b'S1733651106.212880,VS0,VE1'), (b'Vary', b'Authorization,Accept-Encoding,Origin'), (b'Access-Control-Allow-Origin', b'*'), (b'Cross-Origin-Resource-Policy', b'cross-origin'), (b'X-Fastly-Request-ID', b'02af6c73f16970bd90fdca2e3f1488127ba6d43a'), (b'Expires', b'Sun, 08 Dec 2024 09:50:06 GMT'), (b'Source-Age', b'136')])
DEBUG [2024-12-08 09:45:06] httpcore.http11 - receive_response_body.started request=<Request [b'GET']>
DEBUG [2024-12-08 09:45:06] httpcore.http11 - receive_response_body.complete
DEBUG [2024-12-08 09:45:06] httpcore.http11 - response_closed.started
DEBUG [2024-12-08 09:45:06] httpcore.http11 - response_closed.complete
DEBUG [2024-12-08 09:45:06] httpcore.connection - close.started
DEBUG [2024-12-08 09:45:06] httpcore.connection - close.complete
INFO [2024-12-08 09:45:06] root - Saved OpenPhish URLs
INFO [2024-12-08 09:45:06] root - Saved PhishStats URLs
INFO [2024-12-08 09:45:06] root - Saved PhishTank URLs
INFO [2024-12-08 09:46:06] root - Getting URLs from API
DEBUG [2024-12-08 09:46:06] httpcore.connection - connect_tcp.started host='raw.githubusercontent.com' port=443 local_address=None timeout=5.0 socket_options=None
DEBUG [2024-12-08 09:46:06] httpcore.connection - connect_tcp.complete return_value=<httpcore._backends.sync.SyncStream object at 0x7fd456a06d50>
DEBUG [2024-12-08 09:46:06] httpcore.connection - start_tls.started ssl_context=<ssl.SSLContext object at 0x7fd456b07ad0> server_hostname='raw.githubusercontent.com' timeout=5.0
DEBUG [2024-12-08 09:46:06] httpcore.connection - start_tls.complete return_value=<httpcore._backends.sync.SyncStream object at 0x7fd457df7010>
DEBUG [2024-12-08 09:46:06] httpcore.http11 - send_request_headers.started request=<Request [b'GET']>
DEBUG [2024-12-08 09:46:06] httpcore.http11 - send_request_headers.complete
DEBUG [2024-12-08 09:46:06] httpcore.http11 - send_request_body.started request=<Request [b'GET']>
DEBUG [2024-12-08 09:46:06] httpcore.http11 - send_request_body.complete
DEBUG [2024-12-08 09:46:06] httpcore.http11 - receive_response_headers.started request=<Request [b'GET']>
DEBUG [2024-12-08 09:46:06] httpcore.http11 - receive_response_headers.complete return_value=(b'HTTP/1.1', 200, b'OK', [(b'Connection', b'keep-alive'), (b'Content-Length', b'10822'), (b'Cache-Control', b'max-age=300'), (b'Content-Security-Policy', b"default-src 'none'; style-src 'unsafe-inline'; sandbox"), (b'Content-Type', b'text/plain; charset=utf-8'), (b'ETag', b'W/"017c256288f7df30c955e327f7ee7e899fe7c3a88764fa69ab2b50f7a13d468e"'), (b'Strict-Transport-Security', b'max-age=31536000'), (b'X-Content-Type-Options', b'nosniff'), (b'X-Frame-Options', b'deny'), (b'X-XSS-Protection', b'1; mode=block'), (b'X-GitHub-Request-Id', b'1927:310086:55B16C:5D611D:6754EF57'), (b'Content-Encoding', b'gzip'), (b'Accept-Ranges', b'bytes'), (b'Date', b'Sun, 08 Dec 2024 09:46:06 GMT'), (b'Via', b'1.1 varnish'), (b'X-Served-By', b'cache-iad-kcgs7200151-IAD'), (b'X-Cache', b'HIT'), (b'X-Cache-Hits', b'1'), (b'X-Timer', b'S1733651167.912905,VS0,VE62'), (b'Vary', b'Authorization,Accept-Encoding,Origin'), (b'Access-Control-Allow-Origin', b'*'), (b'Cross-Origin-Resource-Policy', b'cross-origin'), (b'X-Fastly-Request-ID', b'985c0a7acfd70cd05bdd23896cc95099f97d0bd0'), (b'Expires', b'Sun, 08 Dec 2024 09:51:06 GMT'), (b'Source-Age', b'0')])
DEBUG [2024-12-08 09:46:06] httpcore.http11 - receive_response_body.started request=<Request [b'GET']>
DEBUG [2024-12-08 09:46:06] httpcore.http11 - receive_response_body.complete
DEBUG [2024-12-08 09:46:06] httpcore.http11 - response_closed.started
DEBUG [2024-12-08 09:46:06] httpcore.http11 - response_closed.complete
DEBUG [2024-12-08 09:46:06] httpcore.connection - close.started
DEBUG [2024-12-08 09:46:06] httpcore.connection - close.complete
INFO [2024-12-08 09:46:06] root - Saved OpenPhish URLs
INFO [2024-12-08 09:46:06] root - Saved PhishStats URLs
INFO [2024-12-08 09:46:06] root - Saved PhishTank URLs
